<?xml version="1.0" encoding="UTF-8"?>
<!-- Generated by org.testng.reporters.JUnitReportReporter -->
<testsuite hostname="LAPTOP-8LQ1C4T7" failures="0" tests="1" name="com.qa.Fb.tests.LoginTest" time="0.876" errors="0" timestamp="23 Nov 2022 03:00:33 GMT" skipped="0">
  <testcase classname="com.qa.Fb.tests.LoginTest" name="loginTest" time="0.876"/>
</testsuite> <!-- com.qa.Fb.tests.LoginTest -->
